<?xml version="1.0" encoding="UTF-8"?>
<!-- Generated by org.testng.reporters.JUnitReportReporter -->
<testsuite hostname="DESKTOP-CP291OM" failures="0" tests="1" name="para.Testrunner.Para_Test_Runner" time="82.481" errors="0" timestamp="2020-03-24T18:20:29 IST" skipped="0">
  <testcase classname="para.Testrunner.Para_Test_Runner" name="feature" time="82.481"/>
</testsuite> <!-- para.Testrunner.Para_Test_Runner -->
